-------------------------------------------------------------------------------
Test set: com.tsg.unittesting.logic.LogicExerciseCTest
-------------------------------------------------------------------------------
Tests run: 4, Failures: 1, Errors: 0, Skipped: 0, Time elapsed: 0.098 sec <<< FAILURE! - in com.tsg.unittesting.logic.LogicExerciseCTest
testGoWalky1  Time elapsed: 0.039 sec  <<< FAILURE!
java.lang.AssertionError: expected:<true> but was:<false>
	at com.tsg.unittesting.logic.LogicExerciseCTest.testGoWalky1(LogicExerciseCTest.java:70)

