<?xml version="1.0" encoding="UTF-8"?>
<testsuite xmlns:xsi="http://www.w3.org/2001/XMLSchema-instance" xsi:schemaLocation="https://maven.apache.org/surefire/maven-surefire-plugin/xsd/surefire-test-report.xsd" name="com.tsg.unittesting.logic.LogicExerciseBTest" time="0.18" tests="5" errors="0" skipped="0" failures="0">
  <properties>
[...]
</properties>
  <testcase name="testPlaceOf1" classname="com.tsg.unittesting.logic.LogicExerciseBTest" time="0.127"/>
  <testcase name="testPlaceOf2" classname="com.tsg.unittesting.logic.LogicExerciseBTest" time="0.002"/>
  <testcase name="testPlaceOf3" classname="com.tsg.unittesting.logic.LogicExerciseBTest" time="0.001"/>
  <testcase name="testPlaceOf4" classname="com.tsg.unittesting.logic.LogicExerciseBTest" time="0"/>
  <testcase name="testPlaceOf" classname="com.tsg.unittesting.logic.LogicExerciseBTest" time="0.002"/>
</testsuite>